Namespace(dataset='mnist', dataroot='.', workers=2, batchSize=64, imageSize=64, nz=100, ngf=64, ndf=64, niter=25, lr=0.0002, beta1=0.5, cuda=False, dry_run=False, ngpu=1, netG='', netD='', outf='.', manualSeed=None, classes='bedroom', mps=False)
Random Seed:  5403
WARNING: You have a CUDA device, so you should probably run with --cuda
Generator(
  (main): Sequential(
    (0): ConvTranspose2d(100, 512, kernel_size=(4, 4), stride=(1, 1), bias=False)
    (1): BatchNorm2d(512, eps=1e-05, momentum=0.1, affine=True, track_running_stats=True)
    (2): ReLU(inplace=True)
    (3): ConvTranspose2d(512, 256, kernel_size=(4, 4), stride=(2, 2), padding=(1, 1), bias=False)
    (4): BatchNorm2d(256, eps=1e-05, momentum=0.1, affine=True, track_running_stats=True)
    (5): ReLU(inplace=True)
    (6): ConvTranspose2d(256, 128, kernel_size=(4, 4), stride=(2, 2), padding=(1, 1), bias=False)
    (7): BatchNorm2d(128, eps=1e-05, momentum=0.1, affine=True, track_running_stats=True)
    (8): ReLU(inplace=True)
    (9): ConvTranspose2d(128, 64, kernel_size=(4, 4), stride=(2, 2), padding=(1, 1), bias=False)
    (10): BatchNorm2d(64, eps=1e-05, momentum=0.1, affine=True, track_running_stats=True)
    (11): ReLU(inplace=True)
    (12): ConvTranspose2d(64, 1, kernel_size=(4, 4), stride=(2, 2), padding=(1, 1), bias=False)
    (13): Tanh()
  )
)
Discriminator(
  (main): Sequential(
    (0): Conv2d(1, 64, kernel_size=(4, 4), stride=(2, 2), padding=(1, 1), bias=False)
    (1): LeakyReLU(negative_slope=0.2, inplace=True)
    (2): Conv2d(64, 128, kernel_size=(4, 4), stride=(2, 2), padding=(1, 1), bias=False)
    (3): BatchNorm2d(128, eps=1e-05, momentum=0.1, affine=True, track_running_stats=True)
    (4): LeakyReLU(negative_slope=0.2, inplace=True)
    (5): Conv2d(128, 256, kernel_size=(4, 4), stride=(2, 2), padding=(1, 1), bias=False)
    (6): BatchNorm2d(256, eps=1e-05, momentum=0.1, affine=True, track_running_stats=True)
    (7): LeakyReLU(negative_slope=0.2, inplace=True)
    (8): Conv2d(256, 512, kernel_size=(4, 4), stride=(2, 2), padding=(1, 1), bias=False)
    (9): BatchNorm2d(512, eps=1e-05, momentum=0.1, affine=True, track_running_stats=True)
    (10): LeakyReLU(negative_slope=0.2, inplace=True)
    (11): Conv2d(512, 1, kernel_size=(4, 4), stride=(1, 1), bias=False)
    (12): Sigmoid()
  )
)
[0/25][0/938] Loss_D: 2.3116 Loss_G: 4.7946 D(x): 0.5744 D(G(z)): 0.7657 / 0.0116
[0/25][1/938] Loss_D: 1.1184 Loss_G: 5.9433 D(x): 0.9830 D(G(z)): 0.6138 / 0.0041
[0/25][2/938] Loss_D: 0.5658 Loss_G: 6.3796 D(x): 0.9577 D(G(z)): 0.3650 / 0.0022
[0/25][3/938] Loss_D: 0.4963 Loss_G: 6.4223 D(x): 0.8655 D(G(z)): 0.2548 / 0.0024
[0/25][4/938] Loss_D: 0.3928 Loss_G: 6.3228 D(x): 0.8536 D(G(z)): 0.1696 / 0.0029
[0/25][5/938] Loss_D: 0.2919 Loss_G: 7.1956 D(x): 0.9415 D(G(z)): 0.1768 / 0.0012
[0/25][6/938] Loss_D: 0.1934 Loss_G: 6.9011 D(x): 0.9433 D(G(z)): 0.0866 / 0.0015
[0/25][7/938] Loss_D: 0.3288 Loss_G: 8.5053 D(x): 0.9508 D(G(z)): 0.1988 / 0.0003
[0/25][8/938] Loss_D: 0.1984 Loss_G: 6.9897 D(x): 0.8937 D(G(z)): 0.0420 / 0.0017
[0/25][9/938] Loss_D: 0.1725 Loss_G: 8.2689 D(x): 0.9772 D(G(z)): 0.1306 / 0.0004
[0/25][10/938] Loss_D: 0.0974 Loss_G: 7.2681 D(x): 0.9494 D(G(z)): 0.0374 / 0.0011
[0/25][11/938] Loss_D: 0.1271 Loss_G: 8.3074 D(x): 0.9837 D(G(z)): 0.0990 / 0.0004
[0/25][12/938] Loss_D: 0.1647 Loss_G: 6.7634 D(x): 0.9190 D(G(z)): 0.0451 / 0.0019
[0/25][13/938] Loss_D: 0.1794 Loss_G: 9.4041 D(x): 0.9695 D(G(z)): 0.1275 / 0.0001
[0/25][14/938] Loss_D: 0.1340 Loss_G: 6.9489 D(x): 0.9178 D(G(z)): 0.0179 / 0.0015
[0/25][15/938] Loss_D: 0.3113 Loss_G: 12.7327 D(x): 0.9660 D(G(z)): 0.2178 / 0.0000
[0/25][16/938] Loss_D: 0.3076 Loss_G: 9.6358 D(x): 0.8604 D(G(z)): 0.0010 / 0.0001
[0/25][17/938] Loss_D: 0.0590 Loss_G: 6.7992 D(x): 0.9933 D(G(z)): 0.0495 / 0.0018
[0/25][18/938] Loss_D: 0.4957 Loss_G: 17.5100 D(x): 0.9748 D(G(z)): 0.3334 / 0.0000
[0/25][19/938] Loss_D: 0.7772 Loss_G: 11.8902 D(x): 0.5780 D(G(z)): 0.0000 / 0.0000
[0/25][20/938] Loss_D: 0.0178 Loss_G: 4.1123 D(x): 0.9987 D(G(z)): 0.0163 / 0.0263
[0/25][21/938] Loss_D: 3.2995 Loss_G: 23.0232 D(x): 0.9990 D(G(z)): 0.9319 / 0.0000
[0/25][22/938] Loss_D: 0.5922 Loss_G: 24.7508 D(x): 0.7584 D(G(z)): 0.0000 / 0.0000
[0/25][23/938] Loss_D: 0.3756 Loss_G: 17.9407 D(x): 0.8241 D(G(z)): 0.0000 / 0.0000
[0/25][24/938] Loss_D: 0.0120 Loss_G: 6.5410 D(x): 0.9907 D(G(z)): 0.0018 / 0.0028
[0/25][25/938] Loss_D: 1.5666 Loss_G: 21.1954 D(x): 0.9969 D(G(z)): 0.7188 / 0.0000
[0/25][26/938] Loss_D: 1.0468 Loss_G: 20.4537 D(x): 0.5872 D(G(z)): 0.0000 / 0.0000
[0/25][27/938] Loss_D: 0.0433 Loss_G: 13.8840 D(x): 0.9637 D(G(z)): 0.0000 / 0.0000
[0/25][28/938] Loss_D: 0.0143 Loss_G: 5.5927 D(x): 0.9964 D(G(z)): 0.0105 / 0.0064
[0/25][29/938] Loss_D: 1.1099 Loss_G: 19.9330 D(x): 0.9917 D(G(z)): 0.6018 / 0.0000
[0/25][30/938] Loss_D: 0.2151 Loss_G: 21.9480 D(x): 0.8913 D(G(z)): 0.0000 / 0.0000
[0/25][31/938] Loss_D: 0.0364 Loss_G: 17.8470 D(x): 0.9667 D(G(z)): 0.0000 / 0.0000
[0/25][32/938] Loss_D: 0.0370 Loss_G: 11.6409 D(x): 0.9703 D(G(z)): 0.0000 / 0.0000
[0/25][33/938] Loss_D: 0.0311 Loss_G: 6.0270 D(x): 0.9785 D(G(z)): 0.0065 / 0.0045
[0/25][34/938] Loss_D: 0.5074 Loss_G: 16.4495 D(x): 0.9899 D(G(z)): 0.3519 / 0.0000
[0/25][35/938] Loss_D: 0.1030 Loss_G: 18.3497 D(x): 0.9205 D(G(z)): 0.0000 / 0.0000
[0/25][36/938] Loss_D: 0.1310 Loss_G: 16.2752 D(x): 0.9208 D(G(z)): 0.0000 / 0.0000
[0/25][37/938] Loss_D: 0.0601 Loss_G: 12.3942 D(x): 0.9649 D(G(z)): 0.0000 / 0.0000
[0/25][38/938] Loss_D: 0.0167 Loss_G: 8.1033 D(x): 0.9885 D(G(z)): 0.0006 / 0.0005
[0/25][39/938] Loss_D: 0.0577 Loss_G: 5.8925 D(x): 0.9893 D(G(z)): 0.0416 / 0.0039
[0/25][40/938] Loss_D: 0.3105 Loss_G: 15.9470 D(x): 0.9909 D(G(z)): 0.2403 / 0.0000
[0/25][41/938] Loss_D: 0.0548 Loss_G: 18.2874 D(x): 0.9613 D(G(z)): 0.0000 / 0.0000
[0/25][42/938] Loss_D: 0.0482 Loss_G: 16.1532 D(x): 0.9648 D(G(z)): 0.0000 / 0.0000
[0/25][43/938] Loss_D: 0.0298 Loss_G: 11.9783 D(x): 0.9755 D(G(z)): 0.0000 / 0.0000
[0/25][44/938] Loss_D: 0.0409 Loss_G: 6.6806 D(x): 0.9751 D(G(z)): 0.0023 / 0.0020
[0/25][45/938] Loss_D: 0.1991 Loss_G: 13.1483 D(x): 0.9953 D(G(z)): 0.1614 / 0.0000
[0/25][46/938] Loss_D: 0.0292 Loss_G: 13.9771 D(x): 0.9746 D(G(z)): 0.0002 / 0.0000
[0/25][47/938] Loss_D: 0.0279 Loss_G: 11.5322 D(x): 0.9759 D(G(z)): 0.0001 / 0.0000
[0/25][48/938] Loss_D: 0.0388 Loss_G: 7.3726 D(x): 0.9678 D(G(z)): 0.0014 / 0.0010
[0/25][49/938] Loss_D: 0.1200 Loss_G: 9.4902 D(x): 0.9835 D(G(z)): 0.0927 / 0.0001
[0/25][50/938] Loss_D: 0.0538 Loss_G: 8.5318 D(x): 0.9632 D(G(z)): 0.0065 / 0.0003
[0/25][51/938] Loss_D: 0.0397 Loss_G: 6.8607 D(x): 0.9792 D(G(z)): 0.0147 / 0.0015
[0/25][52/938] Loss_D: 0.1185 Loss_G: 10.6141 D(x): 0.9772 D(G(z)): 0.0842 / 0.0000
[0/25][53/938] Loss_D: 0.0289 Loss_G: 10.1819 D(x): 0.9766 D(G(z)): 0.0016 / 0.0001
[0/25][54/938] Loss_D: 0.0903 Loss_G: 7.2336 D(x): 0.9552 D(G(z)): 0.0020 / 0.0009
[0/25][55/938] Loss_D: 0.0680 Loss_G: 8.0882 D(x): 0.9857 D(G(z)): 0.0509 / 0.0004
[0/25][56/938] Loss_D: 0.0652 Loss_G: 7.7750 D(x): 0.9672 D(G(z)): 0.0207 / 0.0005
[0/25][57/938] Loss_D: 0.1080 Loss_G: 7.0933 D(x): 0.9515 D(G(z)): 0.0292 / 0.0012
[0/25][58/938] Loss_D: 0.0718 Loss_G: 8.1676 D(x): 0.9823 D(G(z)): 0.0340 / 0.0004
[0/25][59/938] Loss_D: 0.0321 Loss_G: 7.8331 D(x): 0.9839 D(G(z)): 0.0152 / 0.0006
[0/25][60/938] Loss_D: 0.1009 Loss_G: 7.1173 D(x): 0.9771 D(G(z)): 0.0237 / 0.0010
[0/25][61/938] Loss_D: 0.0533 Loss_G: 8.2610 D(x): 0.9824 D(G(z)): 0.0331 / 0.0003
[0/25][62/938] Loss_D: 0.0649 Loss_G: 6.1704 D(x): 0.9484 D(G(z)): 0.0078 / 0.0031
[0/25][63/938] Loss_D: 0.0934 Loss_G: 11.8010 D(x): 0.9909 D(G(z)): 0.0766 / 0.0000
[0/25][64/938] Loss_D: 0.0597 Loss_G: 11.0299 D(x): 0.9517 D(G(z)): 0.0002 / 0.0000
[0/25][65/938] Loss_D: 0.0187 Loss_G: 8.2674 D(x): 0.9829 D(G(z)): 0.0005 / 0.0004
[0/25][66/938] Loss_D: 0.0239 Loss_G: 5.8605 D(x): 0.9883 D(G(z)): 0.0104 / 0.0043
[0/25][67/938] Loss_D: 0.0822 Loss_G: 11.5740 D(x): 0.9950 D(G(z)): 0.0718 / 0.0000
[0/25][68/938] Loss_D: 0.0354 Loss_G: 11.6505 D(x): 0.9737 D(G(z)): 0.0003 / 0.0000
[0/25][69/938] Loss_D: 0.1005 Loss_G: 7.4708 D(x): 0.9358 D(G(z)): 0.0002 / 0.0008
[0/25][70/938] Loss_D: 0.0248 Loss_G: 5.4958 D(x): 0.9947 D(G(z)): 0.0188 / 0.0060
[0/25][71/938] Loss_D: 0.1003 Loss_G: 13.4570 D(x): 0.9987 D(G(z)): 0.0918 / 0.0000
[0/25][72/938] Loss_D: 0.0378 Loss_G: 13.6666 D(x): 0.9685 D(G(z)): 0.0001 / 0.0000
[0/25][73/938] Loss_D: 0.0106 Loss_G: 11.6342 D(x): 0.9898 D(G(z)): 0.0000 / 0.0000
[0/25][74/938] Loss_D: 0.0305 Loss_G: 8.5545 D(x): 0.9738 D(G(z)): 0.0002 / 0.0003
[0/25][75/938] Loss_D: 0.0213 Loss_G: 5.6793 D(x): 0.9933 D(G(z)): 0.0134 / 0.0048
[0/25][76/938] Loss_D: 0.1082 Loss_G: 12.2619 D(x): 0.9960 D(G(z)): 0.0956 / 0.0000
[0/25][77/938] Loss_D: 0.0073 Loss_G: 13.4588 D(x): 0.9930 D(G(z)): 0.0002 / 0.0000
[0/25][78/938] Loss_D: 0.1469 Loss_G: 9.3238 D(x): 0.9074 D(G(z)): 0.0002 / 0.0002
[0/25][79/938] Loss_D: 0.0156 Loss_G: 6.5296 D(x): 0.9997 D(G(z)): 0.0151 / 0.0025
[0/25][80/938] Loss_D: 0.1270 Loss_G: 15.3509 D(x): 0.9980 D(G(z)): 0.1111 / 0.0000
[0/25][81/938] Loss_D: 0.0026 Loss_G: 17.2702 D(x): 0.9975 D(G(z)): 0.0000 / 0.0000
[0/25][82/938] Loss_D: 0.0016 Loss_G: 15.9966 D(x): 0.9984 D(G(z)): 0.0000 / 0.0000
[0/25][83/938] Loss_D: 0.0057 Loss_G: 12.9450 D(x): 0.9950 D(G(z)): 0.0000 / 0.0000
[0/25][84/938] Loss_D: 0.0008 Loss_G: 9.4550 D(x): 0.9994 D(G(z)): 0.0002 / 0.0001
[0/25][85/938] Loss_D: 0.0040 Loss_G: 6.6432 D(x): 0.9994 D(G(z)): 0.0033 / 0.0018
[0/25][86/938] Loss_D: 0.0360 Loss_G: 8.2260 D(x): 0.9992 D(G(z)): 0.0343 / 0.0003
[0/25][87/938] Loss_D: 0.0062 Loss_G: 8.4513 D(x): 0.9975 D(G(z)): 0.0037 / 0.0003
[0/25][88/938] Loss_D: 0.0070 Loss_G: 7.4979 D(x): 0.9976 D(G(z)): 0.0045 / 0.0007
[0/25][89/938] Loss_D: 0.0079 Loss_G: 7.0666 D(x): 0.9989 D(G(z)): 0.0068 / 0.0011
[0/25][90/938] Loss_D: 0.0221 Loss_G: 7.5534 D(x): 0.9961 D(G(z)): 0.0178 / 0.0006
[0/25][91/938] Loss_D: 0.0097 Loss_G: 7.8015 D(x): 0.9983 D(G(z)): 0.0080 / 0.0005
[0/25][92/938] Loss_D: 0.0124 Loss_G: 7.4400 D(x): 0.9945 D(G(z)): 0.0064 / 0.0007
[0/25][93/938] Loss_D: 0.0117 Loss_G: 7.2050 D(x): 0.9957 D(G(z)): 0.0073 / 0.0009
[0/25][94/938] Loss_D: 0.0123 Loss_G: 7.2764 D(x): 0.9972 D(G(z)): 0.0093 / 0.0008
[0/25][95/938] Loss_D: 0.0126 Loss_G: 7.5979 D(x): 0.9976 D(G(z)): 0.0101 / 0.0007
[0/25][96/938] Loss_D: 0.0069 Loss_G: 7.5235 D(x): 0.9984 D(G(z)): 0.0052 / 0.0007
[0/25][97/938] Loss_D: 0.0065 Loss_G: 7.3224 D(x): 0.9993 D(G(z)): 0.0057 / 0.0008
[0/25][98/938] Loss_D: 0.0087 Loss_G: 7.2788 D(x): 0.9987 D(G(z)): 0.0074 / 0.0009
[0/25][99/938] Loss_D: 0.0092 Loss_G: 7.3989 D(x): 0.9986 D(G(z)): 0.0077 / 0.0008
[0/25][100/938] Loss_D: 0.0078 Loss_G: 7.5072 D(x): 0.9978 D(G(z)): 0.0056 / 0.0007
[0/25][101/938] Loss_D: 0.0096 Loss_G: 7.6167 D(x): 0.9992 D(G(z)): 0.0087 / 0.0007
[0/25][102/938] Loss_D: 0.0109 Loss_G: 7.5230 D(x): 0.9958 D(G(z)): 0.0065 / 0.0007
[0/25][103/938] Loss_D: 0.0101 Loss_G: 7.4873 D(x): 0.9968 D(G(z)): 0.0068 / 0.0007
[0/25][104/938] Loss_D: 0.0118 Loss_G: 7.3746 D(x): 0.9947 D(G(z)): 0.0062 / 0.0008
[0/25][105/938] Loss_D: 0.0071 Loss_G: 7.3908 D(x): 0.9991 D(G(z)): 0.0061 / 0.0008
[0/25][106/938] Loss_D: 0.0096 Loss_G: 7.3722 D(x): 0.9971 D(G(z)): 0.0067 / 0.0008
[0/25][107/938] Loss_D: 0.0119 Loss_G: 7.6490 D(x): 0.9980 D(G(z)): 0.0098 / 0.0006
[0/25][108/938] Loss_D: 0.0119 Loss_G: 7.7062 D(x): 0.9945 D(G(z)): 0.0064 / 0.0005
[0/25][109/938] Loss_D: 0.0074 Loss_G: 7.4908 D(x): 0.9980 D(G(z)): 0.0054 / 0.0006
[0/25][110/938] Loss_D: 0.0077 Loss_G: 7.4366 D(x): 0.9988 D(G(z)): 0.0064 / 0.0007
[0/25][111/938] Loss_D: 0.0070 Loss_G: 7.4935 D(x): 0.9981 D(G(z)): 0.0051 / 0.0007
[0/25][112/938] Loss_D: 0.0088 Loss_G: 7.3305 D(x): 0.9952 D(G(z)): 0.0037 / 0.0008
[0/25][113/938] Loss_D: 0.0110 Loss_G: 7.0818 D(x): 0.9948 D(G(z)): 0.0052 / 0.0010
[0/25][114/938] Loss_D: 0.0075 Loss_G: 7.1521 D(x): 0.9990 D(G(z)): 0.0064 / 0.0009
[0/25][115/938] Loss_D: 0.0051 Loss_G: 7.3857 D(x): 0.9989 D(G(z)): 0.0040 / 0.0007
[0/25][116/938] Loss_D: 0.0068 Loss_G: 7.2487 D(x): 0.9977 D(G(z)): 0.0045 / 0.0009
[0/25][117/938] Loss_D: 0.0065 Loss_G: 7.1617 D(x): 0.9985 D(G(z)): 0.0050 / 0.0009
[0/25][118/938] Loss_D: 0.0097 Loss_G: 7.2296 D(x): 0.9973 D(G(z)): 0.0069 / 0.0008
[0/25][119/938] Loss_D: 0.0088 Loss_G: 7.4928 D(x): 0.9988 D(G(z)): 0.0075 / 0.0006
[0/25][120/938] Loss_D: 0.0066 Loss_G: 7.6147 D(x): 0.9981 D(G(z)): 0.0046 / 0.0006
[0/25][121/938] Loss_D: 0.0072 Loss_G: 7.4808 D(x): 0.9962 D(G(z)): 0.0033 / 0.0007
[0/25][122/938] Loss_D: 0.0077 Loss_G: 7.1915 D(x): 0.9964 D(G(z)): 0.0038 / 0.0009
[0/25][123/938] Loss_D: 0.0064 Loss_G: 7.1429 D(x): 0.9988 D(G(z)): 0.0052 / 0.0009
[0/25][124/938] Loss_D: 0.0079 Loss_G: 7.3686 D(x): 0.9992 D(G(z)): 0.0071 / 0.0007
[0/25][125/938] Loss_D: 0.0190 Loss_G: 7.4563 D(x): 0.9902 D(G(z)): 0.0058 / 0.0007
[0/25][126/938] Loss_D: 0.0071 Loss_G: 7.5677 D(x): 0.9986 D(G(z)): 0.0057 / 0.0006
[0/25][127/938] Loss_D: 0.0057 Loss_G: 7.5638 D(x): 0.9986 D(G(z)): 0.0042 / 0.0006
[0/25][128/938] Loss_D: 0.0071 Loss_G: 7.4456 D(x): 0.9987 D(G(z)): 0.0057 / 0.0007
[0/25][129/938] Loss_D: 0.0071 Loss_G: 7.4829 D(x): 0.9976 D(G(z)): 0.0046 / 0.0007
[0/25][130/938] Loss_D: 0.0066 Loss_G: 7.4310 D(x): 0.9977 D(G(z)): 0.0043 / 0.0007
[0/25][131/938] Loss_D: 0.0054 Loss_G: 7.4321 D(x): 0.9991 D(G(z)): 0.0045 / 0.0007
[0/25][132/938] Loss_D: 0.0049 Loss_G: 7.4431 D(x): 0.9989 D(G(z)): 0.0038 / 0.0007
[0/25][133/938] Loss_D: 0.0048 Loss_G: 7.4087 D(x): 0.9996 D(G(z)): 0.0044 / 0.0007
[0/25][134/938] Loss_D: 0.0198 Loss_G: 7.2708 D(x): 0.9900 D(G(z)): 0.0059 / 0.0008
[0/25][135/938] Loss_D: 0.0073 Loss_G: 7.4548 D(x): 0.9983 D(G(z)): 0.0056 / 0.0007
[0/25][136/938] Loss_D: 0.0115 Loss_G: 7.5260 D(x): 0.9942 D(G(z)): 0.0049 / 0.0006
[0/25][137/938] Loss_D: 0.0072 Loss_G: 7.5662 D(x): 0.9991 D(G(z)): 0.0062 / 0.0006
[0/25][138/938] Loss_D: 0.0038 Loss_G: 7.7524 D(x): 0.9994 D(G(z)): 0.0032 / 0.0005
[0/25][139/938] Loss_D: 0.0063 Loss_G: 7.3641 D(x): 0.9974 D(G(z)): 0.0036 / 0.0007
[0/25][140/938] Loss_D: 0.0078 Loss_G: 7.3907 D(x): 0.9987 D(G(z)): 0.0064 / 0.0008
[0/25][141/938] Loss_D: 0.0075 Loss_G: 7.5736 D(x): 0.9987 D(G(z)): 0.0061 / 0.0006
[0/25][142/938] Loss_D: 0.0049 Loss_G: 7.6473 D(x): 0.9994 D(G(z)): 0.0043 / 0.0005
[0/25][143/938] Loss_D: 0.0073 Loss_G: 7.5748 D(x): 0.9979 D(G(z)): 0.0051 / 0.0006
[0/25][144/938] Loss_D: 0.0062 Loss_G: 7.6279 D(x): 0.9974 D(G(z)): 0.0036 / 0.0006
[0/25][145/938] Loss_D: 0.0052 Loss_G: 7.4182 D(x): 0.9982 D(G(z)): 0.0034 / 0.0007
[0/25][146/938] Loss_D: 0.0069 Loss_G: 7.4505 D(x): 0.9994 D(G(z)): 0.0063 / 0.0007
[0/25][147/938] Loss_D: 0.0055 Loss_G: 7.6203 D(x): 0.9991 D(G(z)): 0.0045 / 0.0006
[0/25][148/938] Loss_D: 0.0086 Loss_G: 7.5410 D(x): 0.9952 D(G(z)): 0.0035 / 0.0006
[0/25][149/938] Loss_D: 0.0057 Loss_G: 7.5125 D(x): 0.9971 D(G(z)): 0.0026 / 0.0006
[0/25][150/938] Loss_D: 0.0059 Loss_G: 7.2118 D(x): 0.9984 D(G(z)): 0.0043 / 0.0008
[0/25][151/938] Loss_D: 0.0083 Loss_G: 7.6850 D(x): 0.9996 D(G(z)): 0.0078 / 0.0006
[0/25][152/938] Loss_D: 0.0055 Loss_G: 7.8293 D(x): 0.9997 D(G(z)): 0.0051 / 0.0005
[0/25][153/938] Loss_D: 0.0046 Loss_G: 7.7329 D(x): 0.9994 D(G(z)): 0.0041 / 0.0005
[0/25][154/938] Loss_D: 0.0036 Loss_G: 7.6924 D(x): 0.9995 D(G(z)): 0.0030 / 0.0006
[0/25][155/938] Loss_D: 0.0046 Loss_G: 7.3582 D(x): 0.9991 D(G(z)): 0.0037 / 0.0007
[0/25][156/938] Loss_D: 0.0090 Loss_G: 7.3746 D(x): 0.9971 D(G(z)): 0.0060 / 0.0007
[0/25][157/938] Loss_D: 0.0049 Loss_G: 7.5735 D(x): 0.9995 D(G(z)): 0.0045 / 0.0006
[0/25][158/938] Loss_D: 0.0064 Loss_G: 7.6492 D(x): 0.9987 D(G(z)): 0.0051 / 0.0006
[0/25][159/938] Loss_D: 0.0057 Loss_G: 7.6490 D(x): 0.9996 D(G(z)): 0.0052 / 0.0006
[0/25][160/938] Loss_D: 0.0058 Loss_G: 7.6652 D(x): 0.9996 D(G(z)): 0.0053 / 0.0006
[0/25][161/938] Loss_D: 0.0052 Loss_G: 7.6692 D(x): 0.9990 D(G(z)): 0.0041 / 0.0006
[0/25][162/938] Loss_D: 0.0066 Loss_G: 7.5727 D(x): 0.9969 D(G(z)): 0.0033 / 0.0007
[0/25][163/938] Loss_D: 0.0041 Loss_G: 7.4541 D(x): 0.9990 D(G(z)): 0.0031 / 0.0007
[0/25][164/938] Loss_D: 0.0051 Loss_G: 7.3021 D(x): 0.9994 D(G(z)): 0.0045 / 0.0008
[0/25][165/938] Loss_D: 0.0067 Loss_G: 7.4199 D(x): 0.9994 D(G(z)): 0.0060 / 0.0007
[0/25][166/938] Loss_D: 0.0042 Loss_G: 7.6176 D(x): 0.9995 D(G(z)): 0.0037 / 0.0006
[0/25][167/938] Loss_D: 0.0050 Loss_G: 7.5017 D(x): 0.9990 D(G(z)): 0.0040 / 0.0007
[0/25][168/938] Loss_D: 0.0050 Loss_G: 7.4622 D(x): 0.9991 D(G(z)): 0.0041 / 0.0007
[0/25][169/938] Loss_D: 0.0065 Loss_G: 7.4369 D(x): 0.9978 D(G(z)): 0.0042 / 0.0007
[0/25][170/938] Loss_D: 0.0038 Loss_G: 7.4982 D(x): 0.9995 D(G(z)): 0.0033 / 0.0007
[0/25][171/938] Loss_D: 0.0026 Loss_G: 7.6124 D(x): 0.9994 D(G(z)): 0.0020 / 0.0006
[0/25][172/938] Loss_D: 0.0047 Loss_G: 7.2688 D(x): 0.9985 D(G(z)): 0.0032 / 0.0009
[0/25][173/938] Loss_D: 0.0091 Loss_G: 7.5243 D(x): 0.9996 D(G(z)): 0.0087 / 0.0006
[0/25][174/938] Loss_D: 0.0058 Loss_G: 7.8748 D(x): 0.9987 D(G(z)): 0.0045 / 0.0005
[0/25][175/938] Loss_D: 0.0035 Loss_G: 7.7781 D(x): 0.9990 D(G(z)): 0.0025 / 0.0005
[0/25][176/938] Loss_D: 0.0048 Loss_G: 7.5364 D(x): 0.9979 D(G(z)): 0.0026 / 0.0006
[0/25][177/938] Loss_D: 0.0030 Loss_G: 7.4180 D(x): 0.9996 D(G(z)): 0.0026 / 0.0007
[0/25][178/938] Loss_D: 0.0052 Loss_G: 7.2093 D(x): 0.9990 D(G(z)): 0.0042 / 0.0009
[0/25][179/938] Loss_D: 0.0057 Loss_G: 7.3694 D(x): 0.9992 D(G(z)): 0.0049 / 0.0007
[0/25][180/938] Loss_D: 0.0070 Loss_G: 7.6013 D(x): 0.9996 D(G(z)): 0.0065 / 0.0006
[0/25][181/938] Loss_D: 0.0061 Loss_G: 7.7031 D(x): 0.9978 D(G(z)): 0.0038 / 0.0005
[0/25][182/938] Loss_D: 0.0047 Loss_G: 7.7111 D(x): 0.9997 D(G(z)): 0.0044 / 0.0006
[0/25][183/938] Loss_D: 0.0047 Loss_G: 7.5680 D(x): 0.9994 D(G(z)): 0.0041 / 0.0006
[0/25][184/938] Loss_D: 0.0058 Loss_G: 7.6622 D(x): 0.9998 D(G(z)): 0.0056 / 0.0005
[0/25][185/938] Loss_D: 0.0039 Loss_G: 7.7017 D(x): 0.9994 D(G(z)): 0.0033 / 0.0005
[0/25][186/938] Loss_D: 0.0042 Loss_G: 7.5800 D(x): 0.9998 D(G(z)): 0.0040 / 0.0006
[0/25][187/938] Loss_D: 0.0025 Loss_G: 7.6982 D(x): 0.9997 D(G(z)): 0.0022 / 0.0005
[0/25][188/938] Loss_D: 0.0067 Loss_G: 7.4198 D(x): 0.9994 D(G(z)): 0.0061 / 0.0007
[0/25][189/938] Loss_D: 0.0071 Loss_G: 7.6190 D(x): 0.9977 D(G(z)): 0.0046 / 0.0006
[0/25][190/938] Loss_D: 0.0078 Loss_G: 7.7677 D(x): 0.9993 D(G(z)): 0.0071 / 0.0005
[0/25][191/938] Loss_D: 0.0046 Loss_G: 7.8480 D(x): 0.9993 D(G(z)): 0.0038 / 0.0004
[0/25][192/938] Loss_D: 0.0039 Loss_G: 7.6624 D(x): 0.9993 D(G(z)): 0.0032 / 0.0005
[0/25][193/938] Loss_D: 0.0037 Loss_G: 7.5217 D(x): 0.9991 D(G(z)): 0.0029 / 0.0006
[0/25][194/938] Loss_D: 0.0037 Loss_G: 7.3591 D(x): 0.9996 D(G(z)): 0.0034 / 0.0007
[0/25][195/938] Loss_D: 0.0050 Loss_G: 7.3893 D(x): 0.9982 D(G(z)): 0.0031 / 0.0007
[0/25][196/938] Loss_D: 0.0107 Loss_G: 7.8024 D(x): 0.9994 D(G(z)): 0.0100 / 0.0005
[0/25][197/938] Loss_D: 0.0054 Loss_G: 8.1238 D(x): 0.9979 D(G(z)): 0.0033 / 0.0003
[0/25][198/938] Loss_D: 0.0041 Loss_G: 7.8353 D(x): 0.9985 D(G(z)): 0.0025 / 0.0004
[0/25][199/938] Loss_D: 0.0056 Loss_G: 7.4754 D(x): 0.9975 D(G(z)): 0.0030 / 0.0006
[0/25][200/938] Loss_D: 0.0065 Loss_G: 7.4241 D(x): 0.9968 D(G(z)): 0.0030 / 0.0007
[0/25][201/938] Loss_D: 0.0047 Loss_G: 7.4104 D(x): 0.9987 D(G(z)): 0.0034 / 0.0007
[0/25][202/938] Loss_D: 0.0031 Loss_G: 7.4605 D(x): 0.9996 D(G(z)): 0.0027 / 0.0006
[0/25][203/938] Loss_D: 0.0039 Loss_G: 7.4387 D(x): 0.9996 D(G(z)): 0.0034 / 0.0007
[0/25][204/938] Loss_D: 0.0029 Loss_G: 7.5540 D(x): 0.9994 D(G(z)): 0.0023 / 0.0006
[0/25][205/938] Loss_D: 0.0047 Loss_G: 7.4069 D(x): 0.9994 D(G(z)): 0.0041 / 0.0007
[0/25][206/938] Loss_D: 0.0036 Loss_G: 7.5542 D(x): 0.9997 D(G(z)): 0.0033 / 0.0006
[0/25][207/938] Loss_D: 0.0054 Loss_G: 7.5636 D(x): 0.9992 D(G(z)): 0.0046 / 0.0006
[0/25][208/938] Loss_D: 0.0043 Loss_G: 7.7132 D(x): 0.9995 D(G(z)): 0.0037 / 0.0005
[0/25][209/938] Loss_D: 0.0065 Loss_G: 7.8460 D(x): 0.9996 D(G(z)): 0.0061 / 0.0004
[0/25][210/938] Loss_D: 0.0037 Loss_G: 8.0532 D(x): 0.9993 D(G(z)): 0.0030 / 0.0004
[0/25][211/938] Loss_D: 0.0022 Loss_G: 8.0303 D(x): 0.9994 D(G(z)): 0.0016 / 0.0004
[0/25][212/938] Loss_D: 0.0021 Loss_G: 7.6982 D(x): 0.9995 D(G(z)): 0.0017 / 0.0005
[0/25][213/938] Loss_D: 0.0043 Loss_G: 7.4045 D(x): 0.9984 D(G(z)): 0.0026 / 0.0007
[0/25][214/938] Loss_D: 0.0082 Loss_G: 7.5930 D(x): 0.9984 D(G(z)): 0.0064 / 0.0006
[0/25][215/938] Loss_D: 0.0040 Loss_G: 7.9276 D(x): 0.9998 D(G(z)): 0.0038 / 0.0004
[0/25][216/938] Loss_D: 0.0033 Loss_G: 7.8850 D(x): 0.9997 D(G(z)): 0.0030 / 0.0004
[0/25][217/938] Loss_D: 0.0033 Loss_G: 7.7174 D(x): 0.9997 D(G(z)): 0.0030 / 0.0005
[0/25][218/938] Loss_D: 0.0023 Loss_G: 7.7447 D(x): 0.9997 D(G(z)): 0.0021 / 0.0005
[0/25][219/938] Loss_D: 0.0033 Loss_G: 7.4704 D(x): 0.9993 D(G(z)): 0.0026 / 0.0006
[0/25][220/938] Loss_D: 0.0030 Loss_G: 7.4779 D(x): 0.9994 D(G(z)): 0.0025 / 0.0006
[0/25][221/938] Loss_D: 0.0046 Loss_G: 7.4628 D(x): 0.9989 D(G(z)): 0.0034 / 0.0007
[0/25][222/938] Loss_D: 0.0054 Loss_G: 7.5279 D(x): 0.9984 D(G(z)): 0.0037 / 0.0006
[0/25][223/938] Loss_D: 0.0037 Loss_G: 7.6539 D(x): 0.9996 D(G(z)): 0.0033 / 0.0005
[0/25][224/938] Loss_D: 0.0028 Loss_G: 7.7210 D(x): 0.9996 D(G(z)): 0.0023 / 0.0005
[0/25][225/938] Loss_D: 0.0022 Loss_G: 7.6968 D(x): 0.9996 D(G(z)): 0.0018 / 0.0005
[0/25][226/938] Loss_D: 0.0031 Loss_G: 7.4828 D(x): 0.9990 D(G(z)): 0.0021 / 0.0007
[0/25][227/938] Loss_D: 0.0044 Loss_G: 7.3580 D(x): 0.9993 D(G(z)): 0.0036 / 0.0007
[0/25][228/938] Loss_D: 0.0032 Loss_G: 7.5784 D(x): 0.9993 D(G(z)): 0.0026 / 0.0006
[0/25][229/938] Loss_D: 0.0036 Loss_G: 7.4990 D(x): 0.9994 D(G(z)): 0.0029 / 0.0006
[0/25][230/938] Loss_D: 0.0041 Loss_G: 7.5113 D(x): 0.9989 D(G(z)): 0.0030 / 0.0007
[0/25][231/938] Loss_D: 0.0038 Loss_G: 7.4879 D(x): 0.9994 D(G(z)): 0.0032 / 0.0006
[0/25][232/938] Loss_D: 0.0055 Loss_G: 7.5835 D(x): 0.9970 D(G(z)): 0.0022 / 0.0006
[0/25][233/938] Loss_D: 0.0027 Loss_G: 7.4598 D(x): 0.9998 D(G(z)): 0.0025 / 0.0007
[0/25][234/938] Loss_D: 0.0026 Loss_G: 7.4265 D(x): 0.9995 D(G(z)): 0.0022 / 0.0006
[0/25][235/938] Loss_D: 0.0019 Loss_G: 7.6144 D(x): 0.9997 D(G(z)): 0.0016 / 0.0006
[0/25][236/938] Loss_D: 0.0019 Loss_G: 7.4647 D(x): 0.9997 D(G(z)): 0.0016 / 0.0006
[0/25][237/938] Loss_D: 0.0024 Loss_G: 7.3157 D(x): 0.9996 D(G(z)): 0.0020 / 0.0007
[0/25][238/938] Loss_D: 0.0029 Loss_G: 7.2675 D(x): 0.9997 D(G(z)): 0.0026 / 0.0008
[0/25][239/938] Loss_D: 0.0027 Loss_G: 7.3718 D(x): 0.9995 D(G(z)): 0.0022 / 0.0007
[0/25][240/938] Loss_D: 0.0022 Loss_G: 7.4418 D(x): 0.9997 D(G(z)): 0.0019 / 0.0007
[0/25][241/938] Loss_D: 0.0023 Loss_G: 7.3827 D(x): 0.9996 D(G(z)): 0.0019 / 0.0007
[0/25][242/938] Loss_D: 0.0023 Loss_G: 7.3795 D(x): 0.9997 D(G(z)): 0.0020 / 0.0007
[0/25][243/938] Loss_D: 0.0031 Loss_G: 7.2714 D(x): 0.9996 D(G(z)): 0.0027 / 0.0008
[0/25][244/938] Loss_D: 0.0035 Loss_G: 7.3447 D(x): 0.9996 D(G(z)): 0.0031 / 0.0007
[0/25][245/938] Loss_D: 0.0029 Loss_G: 7.4709 D(x): 0.9994 D(G(z)): 0.0023 / 0.0006
[0/25][246/938] Loss_D: 0.0018 Loss_G: 7.6420 D(x): 0.9997 D(G(z)): 0.0015 / 0.0005
[0/25][247/938] Loss_D: 0.0012 Loss_G: 7.8136 D(x): 0.9997 D(G(z)): 0.0009 / 0.0004
[0/25][248/938] Loss_D: 0.0011 Loss_G: 7.8528 D(x): 0.9997 D(G(z)): 0.0008 / 0.0004
[0/25][249/938] Loss_D: 0.0039 Loss_G: 7.1714 D(x): 0.9980 D(G(z)): 0.0018 / 0.0009
[0/25][250/938] Loss_D: 0.0046 Loss_G: 7.0249 D(x): 0.9994 D(G(z)): 0.0039 / 0.0010
[0/25][251/938] Loss_D: 0.0043 Loss_G: 7.3636 D(x): 0.9995 D(G(z)): 0.0038 / 0.0007
[0/25][252/938] Loss_D: 0.0026 Loss_G: 7.6464 D(x): 0.9993 D(G(z)): 0.0019 / 0.0005
[0/25][253/938] Loss_D: 0.0018 Loss_G: 7.6526 D(x): 0.9997 D(G(z)): 0.0014 / 0.0005
[0/25][254/938] Loss_D: 0.0018 Loss_G: 7.4822 D(x): 0.9998 D(G(z)): 0.0016 / 0.0006
[0/25][255/938] Loss_D: 0.0027 Loss_G: 7.2113 D(x): 0.9995 D(G(z)): 0.0023 / 0.0008
[0/25][256/938] Loss_D: 0.0030 Loss_G: 7.2703 D(x): 0.9992 D(G(z)): 0.0022 / 0.0008
[0/25][257/938] Loss_D: 0.0038 Loss_G: 7.1986 D(x): 0.9991 D(G(z)): 0.0028 / 0.0008
[0/25][258/938] Loss_D: 0.0045 Loss_G: 7.2315 D(x): 0.9997 D(G(z)): 0.0043 / 0.0008
[0/25][259/938] Loss_D: 0.0038 Loss_G: 7.4856 D(x): 0.9994 D(G(z)): 0.0032 / 0.0006
[0/25][260/938] Loss_D: 0.0035 Loss_G: 7.4744 D(x): 0.9995 D(G(z)): 0.0030 / 0.0006
[0/25][261/938] Loss_D: 0.0030 Loss_G: 7.4786 D(x): 0.9993 D(G(z)): 0.0022 / 0.0006
[0/25][262/938] Loss_D: 0.0029 Loss_G: 7.4549 D(x): 0.9990 D(G(z)): 0.0019 / 0.0006
[0/25][263/938] Loss_D: 0.0019 Loss_G: 7.4459 D(x): 0.9998 D(G(z)): 0.0016 / 0.0006
[0/25][264/938] Loss_D: 0.0019 Loss_G: 7.4175 D(x): 0.9996 D(G(z)): 0.0015 / 0.0007
[0/25][265/938] Loss_D: 0.0020 Loss_G: 7.2746 D(x): 0.9998 D(G(z)): 0.0018 / 0.0007
[0/25][266/938] Loss_D: 0.0034 Loss_G: 7.0563 D(x): 0.9999 D(G(z)): 0.0032 / 0.0009
[0/25][267/938] Loss_D: 0.0042 Loss_G: 7.2592 D(x): 0.9997 D(G(z)): 0.0039 / 0.0008
[0/25][268/938] Loss_D: 0.0034 Loss_G: 7.4492 D(x): 0.9995 D(G(z)): 0.0029 / 0.0006
[0/25][269/938] Loss_D: 0.0034 Loss_G: 7.5058 D(x): 0.9988 D(G(z)): 0.0022 / 0.0006
[0/25][270/938] Loss_D: 0.0028 Loss_G: 7.4630 D(x): 0.9991 D(G(z)): 0.0019 / 0.0006
[0/25][271/938] Loss_D: 0.0075 Loss_G: 7.3472 D(x): 0.9950 D(G(z)): 0.0019 / 0.0007
[0/25][272/938] Loss_D: 0.0035 Loss_G: 7.1888 D(x): 0.9993 D(G(z)): 0.0028 / 0.0008
[0/25][273/938] Loss_D: 0.0035 Loss_G: 7.3140 D(x): 0.9996 D(G(z)): 0.0030 / 0.0007
[0/25][274/938] Loss_D: 0.0032 Loss_G: 7.3997 D(x): 0.9997 D(G(z)): 0.0029 / 0.0007
[0/25][275/938] Loss_D: 0.0026 Loss_G: 7.4855 D(x): 0.9999 D(G(z)): 0.0024 / 0.0006
[0/25][276/938] Loss_D: 0.0020 Loss_G: 7.6167 D(x): 0.9996 D(G(z)): 0.0017 / 0.0005
[0/25][277/938] Loss_D: 0.0028 Loss_G: 7.5935 D(x): 0.9986 D(G(z)): 0.0014 / 0.0005
[0/25][278/938] Loss_D: 0.0022 Loss_G: 7.3086 D(x): 0.9997 D(G(z)): 0.0019 / 0.0007
[0/25][279/938] Loss_D: 0.0031 Loss_G: 7.1935 D(x): 0.9997 D(G(z)): 0.0029 / 0.0008
[0/25][280/938] Loss_D: 0.0030 Loss_G: 7.3507 D(x): 0.9998 D(G(z)): 0.0028 / 0.0007
[0/25][281/938] Loss_D: 0.0029 Loss_G: 7.4682 D(x): 0.9998 D(G(z)): 0.0026 / 0.0006
[0/25][282/938] Loss_D: 0.0027 Loss_G: 7.4321 D(x): 0.9998 D(G(z)): 0.0026 / 0.0006
[0/25][283/938] Loss_D: 0.0021 Loss_G: 7.6699 D(x): 0.9994 D(G(z)): 0.0016 / 0.0005
[0/25][284/938] Loss_D: 0.0020 Loss_G: 7.6158 D(x): 0.9993 D(G(z)): 0.0013 / 0.0005
[0/25][285/938] Loss_D: 0.0021 Loss_G: 7.3813 D(x): 0.9996 D(G(z)): 0.0017 / 0.0007
[0/25][286/938] Loss_D: 0.0037 Loss_G: 7.1801 D(x): 0.9994 D(G(z)): 0.0031 / 0.0008
[0/25][287/938] Loss_D: 0.0037 Loss_G: 7.4402 D(x): 0.9986 D(G(z)): 0.0023 / 0.0006
[0/25][288/938] Loss_D: 0.0023 Loss_G: 7.5096 D(x): 0.9998 D(G(z)): 0.0020 / 0.0006
[0/25][289/938] Loss_D: 0.0023 Loss_G: 7.4648 D(x): 0.9996 D(G(z)): 0.0019 / 0.0006
[0/25][290/938] Loss_D: 0.0021 Loss_G: 7.4638 D(x): 0.9997 D(G(z)): 0.0019 / 0.0006
[0/25][291/938] Loss_D: 0.0017 Loss_G: 7.6580 D(x): 0.9995 D(G(z)): 0.0013 / 0.0005
[0/25][292/938] Loss_D: 0.0012 Loss_G: 7.8446 D(x): 0.9996 D(G(z)): 0.0008 / 0.0004
[0/25][293/938] Loss_D: 0.0015 Loss_G: 7.7064 D(x): 0.9994 D(G(z)): 0.0009 / 0.0005
[0/25][294/938] Loss_D: 0.0027 Loss_G: 7.1553 D(x): 0.9993 D(G(z)): 0.0021 / 0.0008
[0/25][295/938] Loss_D: 0.0037 Loss_G: 7.2457 D(x): 0.9999 D(G(z)): 0.0037 / 0.0008
[0/25][296/938] Loss_D: 0.0029 Loss_G: 7.5654 D(x): 0.9998 D(G(z)): 0.0026 / 0.0006
[0/25][297/938] Loss_D: 0.0021 Loss_G: 7.7189 D(x): 0.9997 D(G(z)): 0.0017 / 0.0005
[0/25][298/938] Loss_D: 0.0014 Loss_G: 7.8274 D(x): 0.9997 D(G(z)): 0.0011 / 0.0004
[0/25][299/938] Loss_D: 0.0019 Loss_G: 7.5861 D(x): 0.9994 D(G(z)): 0.0013 / 0.0005
[0/25][300/938] Loss_D: 0.0019 Loss_G: 7.4634 D(x): 0.9996 D(G(z)): 0.0015 / 0.0006
[0/25][301/938] Loss_D: 0.0020 Loss_G: 7.4178 D(x): 0.9996 D(G(z)): 0.0016 / 0.0006
[0/25][302/938] Loss_D: 0.0110 Loss_G: 7.1655 D(x): 0.9925 D(G(z)): 0.0021 / 0.0008
[0/25][303/938] Loss_D: 0.0027 Loss_G: 7.3108 D(x): 0.9997 D(G(z)): 0.0024 / 0.0007
[0/25][304/938] Loss_D: 0.0029 Loss_G: 7.5985 D(x): 0.9986 D(G(z)): 0.0015 / 0.0006
[0/25][305/938] Loss_D: 0.0016 Loss_G: 7.5689 D(x): 0.9997 D(G(z)): 0.0014 / 0.0006
[0/25][306/938] Loss_D: 0.0015 Loss_G: 7.5032 D(x): 0.9999 D(G(z)): 0.0014 / 0.0006
[0/25][307/938] Loss_D: 0.0025 Loss_G: 7.2757 D(x): 0.9998 D(G(z)): 0.0023 / 0.0007
[0/25][308/938] Loss_D: 0.0023 Loss_G: 7.3876 D(x): 0.9998 D(G(z)): 0.0021 / 0.0006
[0/25][309/938] Loss_D: 0.0022 Loss_G: 7.5043 D(x): 0.9998 D(G(z)): 0.0019 / 0.0006
[0/25][310/938] Loss_D: 0.0017 Loss_G: 7.6525 D(x): 0.9999 D(G(z)): 0.0015 / 0.0005
[0/25][311/938] Loss_D: 0.0019 Loss_G: 7.4561 D(x): 0.9999 D(G(z)): 0.0018 / 0.0006
[0/25][312/938] Loss_D: 0.0036 Loss_G: 7.3589 D(x): 0.9991 D(G(z)): 0.0026 / 0.0007
[0/25][313/938] Loss_D: 0.0029 Loss_G: 7.5260 D(x): 0.9991 D(G(z)): 0.0020 / 0.0006
[0/25][314/938] Loss_D: 0.0013 Loss_G: 7.8328 D(x): 0.9999 D(G(z)): 0.0012 / 0.0005
[0/25][315/938] Loss_D: 0.0015 Loss_G: 7.5897 D(x): 0.9998 D(G(z)): 0.0013 / 0.0006
[0/25][316/938] Loss_D: 0.0022 Loss_G: 7.2935 D(x): 0.9999 D(G(z)): 0.0021 / 0.0007
[0/25][317/938] Loss_D: 0.0028 Loss_G: 7.3549 D(x): 0.9998 D(G(z)): 0.0026 / 0.0007
[0/25][318/938] Loss_D: 0.0028 Loss_G: 7.5078 D(x): 0.9998 D(G(z)): 0.0025 / 0.0006
[0/25][319/938] Loss_D: 0.0021 Loss_G: 7.7180 D(x): 0.9994 D(G(z)): 0.0015 / 0.0005
[0/25][320/938] Loss_D: 0.0016 Loss_G: 7.6901 D(x): 0.9997 D(G(z)): 0.0014 / 0.0005
[0/25][321/938] Loss_D: 0.0018 Loss_G: 7.6101 D(x): 0.9995 D(G(z)): 0.0012 / 0.0005
[0/25][322/938] Loss_D: 0.0032 Loss_G: 7.3347 D(x): 0.9988 D(G(z)): 0.0020 / 0.0007
[0/25][323/938] Loss_D: 0.0032 Loss_G: 7.3908 D(x): 0.9988 D(G(z)): 0.0020 / 0.0007
[0/25][324/938] Loss_D: 0.0023 Loss_G: 7.4689 D(x): 0.9997 D(G(z)): 0.0020 / 0.0006
[0/25][325/938] Loss_D: 0.0023 Loss_G: 7.5723 D(x): 0.9994 D(G(z)): 0.0017 / 0.0005
[0/25][326/938] Loss_D: 0.0012 Loss_G: 7.8192 D(x): 0.9998 D(G(z)): 0.0010 / 0.0004
[0/25][327/938] Loss_D: 0.0018 Loss_G: 7.7354 D(x): 0.9991 D(G(z)): 0.0010 / 0.0005
[0/25][328/938] Loss_D: 0.0021 Loss_G: 7.3527 D(x): 0.9994 D(G(z)): 0.0016 / 0.0007
[0/25][329/938] Loss_D: 0.0025 Loss_G: 7.3019 D(x): 0.9998 D(G(z)): 0.0023 / 0.0007
[0/25][330/938] Loss_D: 0.0021 Loss_G: 7.4928 D(x): 0.9998 D(G(z)): 0.0019 / 0.0006
[0/25][331/938] Loss_D: 0.0022 Loss_G: 7.6640 D(x): 0.9992 D(G(z)): 0.0014 / 0.0005
[0/25][332/938] Loss_D: 0.0033 Loss_G: 7.5717 D(x): 0.9979 D(G(z)): 0.0012 / 0.0005
[0/25][333/938] Loss_D: 0.0034 Loss_G: 7.2554 D(x): 0.9988 D(G(z)): 0.0022 / 0.0007
[0/25][334/938] Loss_D: 0.0030 Loss_G: 7.3643 D(x): 0.9994 D(G(z)): 0.0023 / 0.0007
[0/25][335/938] Loss_D: 0.0024 Loss_G: 7.4911 D(x): 0.9997 D(G(z)): 0.0021 / 0.0006
[0/25][336/938] Loss_D: 0.0029 Loss_G: 7.4739 D(x): 0.9996 D(G(z)): 0.0025 / 0.0006
[0/25][337/938] Loss_D: 0.0022 Loss_G: 7.5939 D(x): 0.9998 D(G(z)): 0.0021 / 0.0005
[0/25][338/938] Loss_D: 0.0018 Loss_G: 7.7654 D(x): 0.9995 D(G(z)): 0.0013 / 0.0004
[0/25][339/938] Loss_D: 0.0015 Loss_G: 7.7168 D(x): 0.9996 D(G(z)): 0.0011 / 0.0005
[0/25][340/938] Loss_D: 0.0016 Loss_G: 7.6938 D(x): 0.9994 D(G(z)): 0.0010 / 0.0005
[0/25][341/938] Loss_D: 0.0018 Loss_G: 7.4641 D(x): 0.9995 D(G(z)): 0.0013 / 0.0006
[0/25][342/938] Loss_D: 0.0021 Loss_G: 7.3620 D(x): 0.9994 D(G(z)): 0.0016 / 0.0007
[0/25][343/938] Loss_D: 0.0023 Loss_G: 7.2883 D(x): 0.9996 D(G(z)): 0.0019 / 0.0007
[0/25][344/938] Loss_D: 0.0023 Loss_G: 7.4597 D(x): 0.9994 D(G(z)): 0.0017 / 0.0006
[0/25][345/938] Loss_D: 0.0022 Loss_G: 7.3819 D(x): 0.9997 D(G(z)): 0.0020 / 0.0006
[0/25][346/938] Loss_D: 0.0038 Loss_G: 7.4131 D(x): 0.9980 D(G(z)): 0.0017 / 0.0006
[0/25][347/938] Loss_D: 0.0018 Loss_G: 7.5236 D(x): 0.9997 D(G(z)): 0.0015 / 0.0006
[0/25][348/938] Loss_D: 0.0020 Loss_G: 7.4850 D(x): 0.9995 D(G(z)): 0.0015 / 0.0006
[0/25][349/938] Loss_D: 0.0021 Loss_G: 7.4866 D(x): 0.9994 D(G(z)): 0.0015 / 0.0006
[0/25][350/938] Loss_D: 0.0182 Loss_G: 6.9925 D(x): 0.9896 D(G(z)): 0.0018 / 0.0010
[0/25][351/938] Loss_D: 0.0031 Loss_G: 7.1846 D(x): 0.9996 D(G(z)): 0.0027 / 0.0008
[0/25][352/938] Loss_D: 0.0028 Loss_G: 7.4771 D(x): 0.9996 D(G(z)): 0.0025 / 0.0006
[0/25][353/938] Loss_D: 0.0017 Loss_G: 7.7838 D(x): 0.9997 D(G(z)): 0.0013 / 0.0004
[0/25][354/938] Loss_D: 0.0017 Loss_G: 7.6634 D(x): 0.9996 D(G(z)): 0.0013 / 0.0005
[0/25][355/938] Loss_D: 0.0015 Loss_G: 7.6656 D(x): 0.9996 D(G(z)): 0.0011 / 0.0005
[0/25][356/938] Loss_D: 0.0013 Loss_G: 7.6439 D(x): 0.9998 D(G(z)): 0.0011 / 0.0005
[0/25][357/938] Loss_D: 0.0015 Loss_G: 7.5197 D(x): 0.9997 D(G(z)): 0.0012 / 0.0006
[0/25][358/938] Loss_D: 0.0015 Loss_G: 7.5062 D(x): 0.9998 D(G(z)): 0.0013 / 0.0006
[0/25][359/938] Loss_D: 0.0018 Loss_G: 7.4931 D(x): 0.9995 D(G(z)): 0.0013 / 0.0006
[0/25][360/938] Loss_D: 0.0020 Loss_G: 7.4354 D(x): 0.9995 D(G(z)): 0.0015 / 0.0006
[0/25][361/938] Loss_D: 0.0044 Loss_G: 7.3465 D(x): 0.9973 D(G(z)): 0.0016 / 0.0007
[0/25][362/938] Loss_D: 0.0027 Loss_G: 7.3003 D(x): 0.9995 D(G(z)): 0.0022 / 0.0007
[0/25][363/938] Loss_D: 0.0025 Loss_G: 7.4908 D(x): 0.9994 D(G(z)): 0.0019 / 0.0006
[0/25][364/938] Loss_D: 0.0017 Loss_G: 7.6284 D(x): 0.9999 D(G(z)): 0.0016 / 0.0005
[0/25][365/938] Loss_D: 0.0017 Loss_G: 7.6824 D(x): 0.9996 D(G(z)): 0.0013 / 0.0005
[0/25][366/938] Loss_D: 0.0020 Loss_G: 7.5311 D(x): 0.9994 D(G(z)): 0.0014 / 0.0006
[0/25][367/938] Loss_D: 0.0020 Loss_G: 7.5167 D(x): 0.9994 D(G(z)): 0.0015 / 0.0006
[0/25][368/938] Loss_D: 0.0020 Loss_G: 7.5190 D(x): 0.9996 D(G(z)): 0.0016 / 0.0006
[0/25][369/938] Loss_D: 0.0024 Loss_G: 7.4546 D(x): 0.9996 D(G(z)): 0.0020 / 0.0006
[0/25][370/938] Loss_D: 0.0022 Loss_G: 7.6282 D(x): 0.9994 D(G(z)): 0.0016 / 0.0005
[0/25][371/938] Loss_D: 0.0017 Loss_G: 7.8139 D(x): 0.9994 D(G(z)): 0.0011 / 0.0004
[0/25][372/938] Loss_D: 0.0011 Loss_G: 7.8338 D(x): 0.9998 D(G(z)): 0.0009 / 0.0004
[0/25][373/938] Loss_D: 0.0015 Loss_G: 7.5667 D(x): 0.9997 D(G(z)): 0.0013 / 0.0005
[0/25][374/938] Loss_D: 0.0033 Loss_G: 7.3545 D(x): 0.9989 D(G(z)): 0.0021 / 0.0007
[0/25][375/938] Loss_D: 0.0028 Loss_G: 7.5054 D(x): 0.9996 D(G(z)): 0.0023 / 0.0006
[0/25][376/938] Loss_D: 0.0043 Loss_G: 7.6671 D(x): 0.9972 D(G(z)): 0.0013 / 0.0005
[0/25][377/938] Loss_D: 0.0018 Loss_G: 7.7481 D(x): 0.9993 D(G(z)): 0.0010 / 0.0005
[0/25][378/938] Loss_D: 0.0018 Loss_G: 7.6908 D(x): 0.9992 D(G(z)): 0.0010 / 0.0005
[0/25][379/938] Loss_D: 0.0021 Loss_G: 7.4259 D(x): 0.9993 D(G(z)): 0.0014 / 0.0006
[0/25][380/938] Loss_D: 0.0060 Loss_G: 7.1634 D(x): 0.9962 D(G(z)): 0.0018 / 0.0008
[0/25][381/938] Loss_D: 0.0030 Loss_G: 7.4233 D(x): 0.9992 D(G(z)): 0.0022 / 0.0007
[0/25][382/938] Loss_D: 0.0025 Loss_G: 7.6211 D(x): 0.9998 D(G(z)): 0.0023 / 0.0005
[0/25][383/938] Loss_D: 0.0017 Loss_G: 7.8670 D(x): 0.9997 D(G(z)): 0.0014 / 0.0004
[0/25][384/938] Loss_D: 0.0019 Loss_G: 7.9368 D(x): 0.9991 D(G(z)): 0.0010 / 0.0004
[0/25][385/938] Loss_D: 0.0013 Loss_G: 7.8559 D(x): 0.9997 D(G(z)): 0.0009 / 0.0004
[0/25][386/938] Loss_D: 0.0016 Loss_G: 7.7182 D(x): 0.9994 D(G(z)): 0.0010 / 0.0005
[0/25][387/938] Loss_D: 0.0036 Loss_G: 7.4348 D(x): 0.9977 D(G(z)): 0.0012 / 0.0006
[0/25][388/938] Loss_D: 0.0022 Loss_G: 7.3870 D(x): 0.9997 D(G(z)): 0.0019 / 0.0006
